<?xml version="1.0" encoding="UTF-8"?>
<testng-results skipped="0" failed="0" ignored="0" total="1" passed="1">
  <reporter-output>
  </reporter-output>
  <suite name="Default suite" duration-ms="64" started-at="2019-12-25T15:51:28Z" finished-at="2019-12-25T15:51:28Z">
    <groups>
    </groups>
    <test name="Default test" duration-ms="64" started-at="2019-12-25T15:51:28Z" finished-at="2019-12-25T15:51:28Z">
      <class name="Justcheck.check3">
        <test-method status="PASS" signature="Tried()[pri:0, instance:Justcheck.check3@4cc0edeb]" name="Tried" duration-ms="30" started-at="2019-12-25T15:51:28Z" finished-at="2019-12-25T15:51:28Z">
          <reporter-output>
          </reporter-output>
        </test-method> <!-- Tried -->
      </class> <!-- Justcheck.check3 -->
    </test> <!-- Default test -->
  </suite> <!-- Default suite -->
</testng-results>
